2025-03-12 12:49:46.2580 | DEBUG | Registered model binder providers, in the following order: Microsoft.AspNetCore.Mvc.ModelBinding.Binders.BinderTypeModelBinderProvider, Microsoft.AspNetCore.Mvc.ModelBinding.Binders.ServicesModelBinderProvider, Microsoft.AspNetCore.Mvc.ModelBinding.Binders.BodyModelBinderProvider, Microsoft.AspNetCore.Mvc.ModelBinding.Binders.HeaderModelBinderProvider, Microsoft.AspNetCore.Mvc.ModelBinding.Binders.FloatingPointTypeModelBinderProvider, Microsoft.AspNetCore.Mvc.ModelBinding.Binders.EnumTypeModelBinderProvider, Microsoft.AspNetCore.Mvc.ModelBinding.Binders.DateTimeModelBinderProvider, Microsoft.AspNetCore.Mvc.ModelBinding.Binders.TryParseModelBinderProvider, Microsoft.AspNetCore.Mvc.ModelBinding.Binders.SimpleTypeModelBinderProvider, Microsoft.AspNetCore.Mvc.ModelBinding.Binders.CancellationTokenModelBinderProvider, Microsoft.AspNetCore.Mvc.ModelBinding.Binders.ByteArrayModelBinderProvider, Microsoft.AspNetCore.Mvc.ModelBinding.Binders.FormFileModelBinderProvider, Microsoft.AspNetCore.Mvc.ModelBinding.Binders.FormCollectionModelBinderProvider, Microsoft.AspNetCore.Mvc.ModelBinding.Binders.KeyValuePairModelBinderProvider, Microsoft.AspNetCore.Mvc.ModelBinding.Binders.DictionaryModelBinderProvider, Microsoft.AspNetCore.Mvc.ModelBinding.Binders.ArrayModelBinderProvider, Microsoft.AspNetCore.Mvc.ModelBinding.Binders.CollectionModelBinderProvider, Microsoft.AspNetCore.Mvc.ModelBinding.Binders.ComplexObjectModelBinderProvider 
2025-03-12 12:49:46.3964 | DEBUG | Hosting starting 
2025-03-12 12:49:46.8051 | DEBUG | Loaded hosting startup assembly WebApplication1 
2025-03-12 12:49:46.8051 | DEBUG | Loaded hosting startup assembly Microsoft.AspNetCore.Watch.BrowserRefresh 
2025-03-12 12:49:46.8051 | DEBUG | Loaded hosting startup assembly Microsoft.WebTools.BrowserLink.Net 
2025-03-12 12:49:46.8051 | DEBUG | Hosting started 
2025-03-12 12:49:46.9186 | DEBUG | Connection id "0HNB16P2EUQ0F" accepted. 
2025-03-12 12:49:46.9186 | DEBUG | Connection id "0HNB16P2EUQ0G" accepted. 
2025-03-12 12:49:46.9186 | DEBUG | Connection id "0HNB16P2EUQ0F" started. 
2025-03-12 12:49:46.9186 | DEBUG | Connection id "0HNB16P2EUQ0G" started. 
2025-03-12 12:49:49.2448 | DEBUG | Connection id "0HNB16P2EUQ0H" accepted. 
2025-03-12 12:49:49.2448 | DEBUG | Connection id "0HNB16P2EUQ0H" started. 
2025-03-12 12:49:49.2674 | DEBUG | Connection id "0HNB16P2EUQ0I" accepted. 
2025-03-12 12:49:49.2674 | DEBUG | Connection id "0HNB16P2EUQ0I" started. 
2025-03-12 12:49:49.3506 | DEBUG | Wildcard detected, all requests with hosts will be allowed. 
2025-03-12 12:49:49.3834 | DEBUG | The request path  does not match the path filter 
2025-03-12 12:49:49.4095 | DEBUG | No candidates found for the request path '/' 
2025-03-12 12:49:49.4095 | DEBUG | Request did not match any endpoints 
2025-03-12 12:49:49.4368 | DEBUG | Connection id "0HNB16P2EUQ0H" completed keep alive response. 
2025-03-12 12:49:51.0365 | DEBUG | Connection id "0HNB16P2EUQ0H" received FIN. 
2025-03-12 12:49:51.0365 | DEBUG | Connection id "0HNB16P2EUQ0I" received FIN. 
2025-03-12 12:49:51.0450 | DEBUG | Connection id "0HNB16P2EUQ0I" disconnecting. 
2025-03-12 12:49:51.0450 | DEBUG | Connection id "0HNB16P2EUQ0H" disconnecting. 
2025-03-12 12:49:51.0450 | DEBUG | Connection id "0HNB16P2EUQ0H" sending FIN because: "The client closed the connection." 
2025-03-12 12:49:51.0450 | DEBUG | Connection id "0HNB16P2EUQ0I" sending FIN because: "The client closed the connection." 
2025-03-12 12:49:51.0580 | DEBUG | Connection id "0HNB16P2EUQ0H" stopped. 
2025-03-12 12:49:51.0580 | DEBUG | Connection id "0HNB16P2EUQ0I" stopped. 
2025-03-12 12:50:16.5133 | DEBUG | Connection id "0HNB16P2EUQ0J" accepted. 
2025-03-12 12:50:16.5133 | DEBUG | Connection id "0HNB16P2EUQ0J" started. 
2025-03-12 12:50:16.5133 | DEBUG | Connection id "0HNB16P2EUQ0K" accepted. 
2025-03-12 12:50:16.5133 | DEBUG | Connection id "0HNB16P2EUQ0K" started. 
2025-03-12 12:50:16.6650 | DEBUG | Response markup is scheduled to include browser refresh script injection. 
2025-03-12 12:50:16.7917 | DEBUG | Connection id "0HNB16P2EUQ0L" accepted. 
2025-03-12 12:50:16.7917 | DEBUG | Connection id "0HNB16P2EUQ0L" started. 
2025-03-12 12:50:16.7917 | DEBUG | Connection id "0HNB16P2EUQ0M" accepted. 
2025-03-12 12:50:16.7917 | DEBUG | Connection id "0HNB16P2EUQ0M" started. 
2025-03-12 12:50:16.7917 | DEBUG | Connection id "0HNB16P2EUQ0N" accepted. 
2025-03-12 12:50:16.7917 | DEBUG | Connection id "0HNB16P2EUQ0N" started. 
2025-03-12 12:50:16.8091 | DEBUG | Response markup was updated to include browser refresh script injection. 
2025-03-12 12:50:16.8091 | DEBUG | Connection id "0HNB16P2EUQ0J" completed keep alive response. 
2025-03-12 12:50:16.8091 | DEBUG | Connection id "0HNB16P2EUQ0O" accepted. 
2025-03-12 12:50:16.8091 | DEBUG | Connection id "0HNB16P2EUQ0O" started. 
2025-03-12 12:50:16.8091 | DEBUG | Connection id "0HNB16P2EUQ0N" completed keep alive response. 
2025-03-12 12:50:16.8231 | DEBUG | Connection id "0HNB16P2EUQ0J" completed keep alive response. 
2025-03-12 12:50:16.8684 | DEBUG | Handled. Status code: 304 File: /swagger-ui-standalone-preset.js 
2025-03-12 12:50:16.8684 | DEBUG | Handled. Status code: 304 File: /index.css 
2025-03-12 12:50:16.8684 | DEBUG | Handled. Status code: 304 File: /swagger-ui-bundle.js 
2025-03-12 12:50:16.8684 | DEBUG | Connection id "0HNB16P2EUQ0L" completed keep alive response. 
2025-03-12 12:50:16.8684 | DEBUG | Handled. Status code: 304 File: /swagger-ui.css 
2025-03-12 12:50:16.8684 | DEBUG | Connection id "0HNB16P2EUQ0O" completed keep alive response. 
2025-03-12 12:50:16.8684 | DEBUG | Connection id "0HNB16P2EUQ0M" completed keep alive response. 
2025-03-12 12:50:16.8684 | DEBUG | Connection id "0HNB16P2EUQ0K" completed keep alive response. 
2025-03-12 12:50:16.9107 | DEBUG | Connection id "0HNB16P2EUQ0N" completed keep alive response. 
2025-03-12 12:50:17.1659 | DEBUG | Handled. Status code: 304 File: /favicon-32x32.png 
2025-03-12 12:50:17.1659 | DEBUG | Connection id "0HNB16P2EUQ0L" completed keep alive response. 
2025-03-12 12:50:17.4458 | DEBUG | Connection id "0HNB16P2EUQ0N" completed keep alive response. 
2025-03-12 12:51:11.1690 | DEBUG | Connection id "0HNB16P2EUQ0J" received FIN. 
2025-03-12 12:51:11.1690 | DEBUG | Connection id "0HNB16P2EUQ0O" received FIN. 
2025-03-12 12:51:11.1690 | DEBUG | Connection id "0HNB16P2EUQ0K" received FIN. 
2025-03-12 12:51:11.1690 | DEBUG | Connection id "0HNB16P2EUQ0M" received FIN. 
2025-03-12 12:51:11.1690 | DEBUG | Connection id "0HNB16P2EUQ0L" received FIN. 
2025-03-12 12:51:11.1690 | DEBUG | Connection id "0HNB16P2EUQ0N" received FIN. 
2025-03-12 12:51:11.1690 | DEBUG | Connection id "0HNB16P2EUQ0J" disconnecting. 
2025-03-12 12:51:11.1690 | DEBUG | Connection id "0HNB16P2EUQ0J" stopped. 
2025-03-12 12:51:11.1690 | DEBUG | Connection id "0HNB16P2EUQ0O" disconnecting. 
2025-03-12 12:51:11.1690 | DEBUG | Connection id "0HNB16P2EUQ0O" stopped. 
2025-03-12 12:51:11.1868 | DEBUG | Connection id "0HNB16P2EUQ0K" sending FIN because: "The client closed the connection." 
2025-03-12 12:51:11.1868 | DEBUG | Connection id "0HNB16P2EUQ0M" disconnecting. 
2025-03-12 12:51:11.1868 | DEBUG | Connection id "0HNB16P2EUQ0M" stopped. 
2025-03-12 12:51:11.1868 | DEBUG | Connection id "0HNB16P2EUQ0K" disconnecting. 
2025-03-12 12:51:11.1868 | DEBUG | Connection id "0HNB16P2EUQ0L" disconnecting. 
2025-03-12 12:51:11.1868 | DEBUG | Connection id "0HNB16P2EUQ0K" stopped. 
2025-03-12 12:51:11.1868 | DEBUG | Connection id "0HNB16P2EUQ0L" stopped. 
2025-03-12 12:51:11.1868 | DEBUG | Connection id "0HNB16P2EUQ0N" disconnecting. 
2025-03-12 12:51:11.1868 | DEBUG | Connection id "0HNB16P2EUQ0N" sending FIN because: "The client closed the connection." 
2025-03-12 12:51:11.1868 | DEBUG | Connection id "0HNB16P2EUQ0J" sending FIN because: "The Socket transport's send loop completed gracefully." 
2025-03-12 12:51:11.1868 | DEBUG | Connection id "0HNB16P2EUQ0O" sending FIN because: "The Socket transport's send loop completed gracefully." 
2025-03-12 12:51:11.1868 | DEBUG | Connection id "0HNB16P2EUQ0M" sending FIN because: "The Socket transport's send loop completed gracefully." 
2025-03-12 12:51:11.1868 | DEBUG | Connection id "0HNB16P2EUQ0L" sending FIN because: "The Socket transport's send loop completed gracefully." 
2025-03-12 12:51:11.1973 | DEBUG | Connection id "0HNB16P2EUQ0N" stopped. 
